This file contains any messages produced by compilers while
running configure, to aid debugging if configure makes a mistake.

It was created by myconfig configure version-0.1, which was
generated by GNU Autoconf 2.69.  Invocation command line was

  $ ./configure 

## --------- ##
## Platform. ##
## --------- ##

hostname = MacBook-Pro.local
uname -m = x86_64
uname -r = 15.5.0
uname -s = Darwin
uname -v = Darwin Kernel Version 15.5.0: Tue Apr 19 18:36:36 PDT 2016; root:xnu-3248.50.21~8/RELEASE_X86_64

/usr/bin/uname -p = i386
/bin/uname -X     = unknown

/bin/arch              = unknown
/usr/bin/arch -k       = unknown
/usr/convex/getsysinfo = unknown
/usr/bin/hostinfo      = Mach kernel version:
	 Darwin Kernel Version 15.5.0: Tue Apr 19 18:36:36 PDT 2016; root:xnu-3248.50.21~8/RELEASE_X86_64
Kernel configured for up to 4 processors.
2 processors are physically available.
4 processors are logically available.
Processor type: x86_64h (Intel x86-64h Haswell)
Processors active: 0 1 2 3
Primary memory available: 8.00 gigabytes
Default processor set: 360 tasks, 1611 threads, 4 processors
Load average: 1.63, Mach factor: 2.40
/bin/machine           = unknown
/usr/bin/oslevel       = unknown
/bin/universe          = unknown

PATH: /usr/local/bin
PATH: /usr/bin
PATH: /bin
PATH: /usr/sbin
PATH: /sbin
PATH: /Applications/Server.app/Contents/ServerRoot/usr/bin
PATH: /Applications/Server.app/Contents/ServerRoot/usr/sbin
PATH: /usr/local/go/bin


## ----------- ##
## Core tests. ##
## ----------- ##

configure:2137: checking for gcc
configure:2153: found /usr/bin/gcc
configure:2164: result: gcc
configure:2393: checking for C compiler version
configure:2402: gcc --version >&5
Apple LLVM version 7.3.0 (clang-703.0.21)
Target: x86_64-apple-darwin15.5.0
Thread model: posix
InstalledDir: /Applications/Xcode-beta.app/Contents/Developer/Toolchains/XcodeDefault.xctoolchain/usr/bin
Configured with: --prefix=/Applications/Xcode-beta.app/Contents/Developer/usr --with-gxx-include-dir=/Applications/Xcode-beta.app/Contents/Developer/Platforms/MacOSX.platform/Developer/SDKs/MacOSX10.11.sdk/usr/include/c++/4.2.1
configure:2413: $? = 0
configure:2402: gcc -v >&5
Configured with: --prefix=/Applications/Xcode-beta.app/Contents/Developer/usr --with-gxx-include-dir=/Applications/Xcode-beta.app/Contents/Developer/Platforms/MacOSX.platform/Developer/SDKs/MacOSX10.11.sdk/usr/include/c++/4.2.1
Apple LLVM version 7.3.0 (clang-703.0.21)
Target: x86_64-apple-darwin15.5.0
Thread model: posix
InstalledDir: /Applications/Xcode-beta.app/Contents/Developer/Toolchains/XcodeDefault.xctoolchain/usr/bin
configure:2413: $? = 0
configure:2402: gcc -V >&5
clang: error: argument to '-V' is missing (expected 1 value)
clang: error: no input files
configure:2413: $? = 1
configure:2402: gcc -qversion >&5
clang: error: unknown argument: '-qversion'
clang: error: no input files
configure:2413: $? = 1
configure:2433: checking whether the C compiler works
configure:2455: gcc    conftest.c  >&5
configure:2459: $? = 0
configure:2507: result: yes
configure:2510: checking for C compiler default output file name
configure:2512: result: a.out
configure:2518: checking for suffix of executables
configure:2525: gcc -o conftest    conftest.c  >&5
configure:2529: $? = 0
configure:2551: result: 
configure:2573: checking whether we are cross compiling
configure:2581: gcc -o conftest    conftest.c  >&5
configure:2585: $? = 0
configure:2592: ./conftest
configure:2596: $? = 0
configure:2611: result: no
configure:2616: checking for suffix of object files
configure:2638: gcc -c   conftest.c >&5
configure:2642: $? = 0
configure:2663: result: o
configure:2667: checking whether we are using the GNU C compiler
configure:2686: gcc -c   conftest.c >&5
configure:2686: $? = 0
configure:2695: result: yes
configure:2704: checking whether gcc accepts -g
configure:2724: gcc -c -g  conftest.c >&5
configure:2724: $? = 0
configure:2765: result: yes
configure:2782: checking for gcc option to accept ISO C89
configure:2845: gcc  -c -g -O2  conftest.c >&5
configure:2845: $? = 0
configure:2858: result: none needed
configure:2937: checking for g++
configure:2953: found /usr/bin/g++
configure:2964: result: g++
configure:2991: checking for C++ compiler version
configure:3000: g++ --version >&5
Apple LLVM version 7.3.0 (clang-703.0.21)
Target: x86_64-apple-darwin15.5.0
Thread model: posix
InstalledDir: /Applications/Xcode-beta.app/Contents/Developer/Toolchains/XcodeDefault.xctoolchain/usr/bin
Configured with: --prefix=/Applications/Xcode-beta.app/Contents/Developer/usr --with-gxx-include-dir=/Applications/Xcode-beta.app/Contents/Developer/Platforms/MacOSX.platform/Developer/SDKs/MacOSX10.11.sdk/usr/include/c++/4.2.1
configure:3011: $? = 0
configure:3000: g++ -v >&5
Configured with: --prefix=/Applications/Xcode-beta.app/Contents/Developer/usr --with-gxx-include-dir=/Applications/Xcode-beta.app/Contents/Developer/Platforms/MacOSX.platform/Developer/SDKs/MacOSX10.11.sdk/usr/include/c++/4.2.1
Apple LLVM version 7.3.0 (clang-703.0.21)
Target: x86_64-apple-darwin15.5.0
Thread model: posix
InstalledDir: /Applications/Xcode-beta.app/Contents/Developer/Toolchains/XcodeDefault.xctoolchain/usr/bin
configure:3011: $? = 0
configure:3000: g++ -V >&5
clang: error: argument to '-V' is missing (expected 1 value)
clang: error: no input files
configure:3011: $? = 1
configure:3000: g++ -qversion >&5
clang: error: unknown argument: '-qversion'
clang: error: no input files
configure:3011: $? = 1
configure:3015: checking whether we are using the GNU C++ compiler
configure:3034: g++ -c   conftest.cpp >&5
configure:3034: $? = 0
configure:3043: result: yes
configure:3052: checking whether g++ accepts -g
configure:3072: g++ -c -g  conftest.cpp >&5
configure:3072: $? = 0
configure:3113: result: yes
configure:3150: checking how to run the C++ preprocessor
configure:3177: g++ -E  conftest.cpp
configure:3177: $? = 0
configure:3191: g++ -E  conftest.cpp
conftest.cpp:9:10: fatal error: 'ac_nonexistent.h' file not found
#include <ac_nonexistent.h>
         ^
1 error generated.
configure:3191: $? = 1
configure: failed program was:
| /* confdefs.h */
| #define PACKAGE_NAME "myconfig"
| #define PACKAGE_TARNAME "myconfig"
| #define PACKAGE_VERSION "version-0.1"
| #define PACKAGE_STRING "myconfig version-0.1"
| #define PACKAGE_BUGREPORT ""
| #define PACKAGE_URL ""
| /* end confdefs.h.  */
| #include <ac_nonexistent.h>
configure:3216: result: g++ -E
configure:3236: g++ -E  conftest.cpp
configure:3236: $? = 0
configure:3250: g++ -E  conftest.cpp
conftest.cpp:9:10: fatal error: 'ac_nonexistent.h' file not found
#include <ac_nonexistent.h>
         ^
1 error generated.
configure:3250: $? = 1
configure: failed program was:
| /* confdefs.h */
| #define PACKAGE_NAME "myconfig"
| #define PACKAGE_TARNAME "myconfig"
| #define PACKAGE_VERSION "version-0.1"
| #define PACKAGE_STRING "myconfig version-0.1"
| #define PACKAGE_BUGREPORT ""
| #define PACKAGE_URL ""
| /* end confdefs.h.  */
| #include <ac_nonexistent.h>
configure:3279: checking for grep that handles long lines and -e
configure:3337: result: /usr/bin/grep
configure:3342: checking for egrep
configure:3404: result: /usr/bin/grep -E
configure:3409: checking for ANSI C header files
configure:3429: g++ -c -g -O2  conftest.cpp >&5
configure:3429: $? = 0
configure:3502: g++ -o conftest -g -O2   conftest.cpp  >&5
configure:3502: $? = 0
configure:3502: ./conftest
configure:3502: $? = 0
configure:3513: result: yes
configure:3526: checking for sys/types.h
configure:3526: g++ -c -g -O2  conftest.cpp >&5
configure:3526: $? = 0
configure:3526: result: yes
configure:3526: checking for sys/stat.h
configure:3526: g++ -c -g -O2  conftest.cpp >&5
configure:3526: $? = 0
configure:3526: result: yes
configure:3526: checking for stdlib.h
configure:3526: g++ -c -g -O2  conftest.cpp >&5
configure:3526: $? = 0
configure:3526: result: yes
configure:3526: checking for string.h
configure:3526: g++ -c -g -O2  conftest.cpp >&5
configure:3526: $? = 0
configure:3526: result: yes
configure:3526: checking for memory.h
configure:3526: g++ -c -g -O2  conftest.cpp >&5
configure:3526: $? = 0
configure:3526: result: yes
configure:3526: checking for strings.h
configure:3526: g++ -c -g -O2  conftest.cpp >&5
configure:3526: $? = 0
configure:3526: result: yes
configure:3526: checking for inttypes.h
configure:3526: g++ -c -g -O2  conftest.cpp >&5
configure:3526: $? = 0
configure:3526: result: yes
configure:3526: checking for stdint.h
configure:3526: g++ -c -g -O2  conftest.cpp >&5
configure:3526: $? = 0
configure:3526: result: yes
configure:3526: checking for unistd.h
configure:3526: g++ -c -g -O2  conftest.cpp >&5
configure:3526: $? = 0
configure:3526: result: yes
configure:3540: checking openssl/rsa.h usability
configure:3540: g++ -c -g -O2  conftest.cpp >&5
conftest.cpp:52:10: fatal error: 'openssl/rsa.h' file not found
#include <openssl/rsa.h>
         ^
1 error generated.
configure:3540: $? = 1
configure: failed program was:
| /* confdefs.h */
| #define PACKAGE_NAME "myconfig"
| #define PACKAGE_TARNAME "myconfig"
| #define PACKAGE_VERSION "version-0.1"
| #define PACKAGE_STRING "myconfig version-0.1"
| #define PACKAGE_BUGREPORT ""
| #define PACKAGE_URL ""
| #define STDC_HEADERS 1
| #define HAVE_SYS_TYPES_H 1
| #define HAVE_SYS_STAT_H 1
| #define HAVE_STDLIB_H 1
| #define HAVE_STRING_H 1
| #define HAVE_MEMORY_H 1
| #define HAVE_STRINGS_H 1
| #define HAVE_INTTYPES_H 1
| #define HAVE_STDINT_H 1
| #define HAVE_UNISTD_H 1
| /* end confdefs.h.  */
| #include <stdio.h>
| #ifdef HAVE_SYS_TYPES_H
| # include <sys/types.h>
| #endif
| #ifdef HAVE_SYS_STAT_H
| # include <sys/stat.h>
| #endif
| #ifdef STDC_HEADERS
| # include <stdlib.h>
| # include <stddef.h>
| #else
| # ifdef HAVE_STDLIB_H
| #  include <stdlib.h>
| # endif
| #endif
| #ifdef HAVE_STRING_H
| # if !defined STDC_HEADERS && defined HAVE_MEMORY_H
| #  include <memory.h>
| # endif
| # include <string.h>
| #endif
| #ifdef HAVE_STRINGS_H
| # include <strings.h>
| #endif
| #ifdef HAVE_INTTYPES_H
| # include <inttypes.h>
| #endif
| #ifdef HAVE_STDINT_H
| # include <stdint.h>
| #endif
| #ifdef HAVE_UNISTD_H
| # include <unistd.h>
| #endif
| #include <openssl/rsa.h>
configure:3540: result: no
configure:3540: checking openssl/rsa.h presence
configure:3540: g++ -E  conftest.cpp
conftest.cpp:19:10: fatal error: 'openssl/rsa.h' file not found
#include <openssl/rsa.h>
         ^
1 error generated.
configure:3540: $? = 1
configure: failed program was:
| /* confdefs.h */
| #define PACKAGE_NAME "myconfig"
| #define PACKAGE_TARNAME "myconfig"
| #define PACKAGE_VERSION "version-0.1"
| #define PACKAGE_STRING "myconfig version-0.1"
| #define PACKAGE_BUGREPORT ""
| #define PACKAGE_URL ""
| #define STDC_HEADERS 1
| #define HAVE_SYS_TYPES_H 1
| #define HAVE_SYS_STAT_H 1
| #define HAVE_STDLIB_H 1
| #define HAVE_STRING_H 1
| #define HAVE_MEMORY_H 1
| #define HAVE_STRINGS_H 1
| #define HAVE_INTTYPES_H 1
| #define HAVE_STDINT_H 1
| #define HAVE_UNISTD_H 1
| /* end confdefs.h.  */
| #include <openssl/rsa.h>
configure:3540: result: no
configure:3540: checking for openssl/rsa.h
configure:3540: result: no
configure:3552: checking openssl/pem.h usability
configure:3552: g++ -c -g -O2  conftest.cpp >&5
conftest.cpp:52:10: fatal error: 'openssl/pem.h' file not found
#include <openssl/pem.h>
         ^
1 error generated.
configure:3552: $? = 1
configure: failed program was:
| /* confdefs.h */
| #define PACKAGE_NAME "myconfig"
| #define PACKAGE_TARNAME "myconfig"
| #define PACKAGE_VERSION "version-0.1"
| #define PACKAGE_STRING "myconfig version-0.1"
| #define PACKAGE_BUGREPORT ""
| #define PACKAGE_URL ""
| #define STDC_HEADERS 1
| #define HAVE_SYS_TYPES_H 1
| #define HAVE_SYS_STAT_H 1
| #define HAVE_STDLIB_H 1
| #define HAVE_STRING_H 1
| #define HAVE_MEMORY_H 1
| #define HAVE_STRINGS_H 1
| #define HAVE_INTTYPES_H 1
| #define HAVE_STDINT_H 1
| #define HAVE_UNISTD_H 1
| /* end confdefs.h.  */
| #include <stdio.h>
| #ifdef HAVE_SYS_TYPES_H
| # include <sys/types.h>
| #endif
| #ifdef HAVE_SYS_STAT_H
| # include <sys/stat.h>
| #endif
| #ifdef STDC_HEADERS
| # include <stdlib.h>
| # include <stddef.h>
| #else
| # ifdef HAVE_STDLIB_H
| #  include <stdlib.h>
| # endif
| #endif
| #ifdef HAVE_STRING_H
| # if !defined STDC_HEADERS && defined HAVE_MEMORY_H
| #  include <memory.h>
| # endif
| # include <string.h>
| #endif
| #ifdef HAVE_STRINGS_H
| # include <strings.h>
| #endif
| #ifdef HAVE_INTTYPES_H
| # include <inttypes.h>
| #endif
| #ifdef HAVE_STDINT_H
| # include <stdint.h>
| #endif
| #ifdef HAVE_UNISTD_H
| # include <unistd.h>
| #endif
| #include <openssl/pem.h>
configure:3552: result: no
configure:3552: checking openssl/pem.h presence
configure:3552: g++ -E  conftest.cpp
conftest.cpp:19:10: fatal error: 'openssl/pem.h' file not found
#include <openssl/pem.h>
         ^
1 error generated.
configure:3552: $? = 1
configure: failed program was:
| /* confdefs.h */
| #define PACKAGE_NAME "myconfig"
| #define PACKAGE_TARNAME "myconfig"
| #define PACKAGE_VERSION "version-0.1"
| #define PACKAGE_STRING "myconfig version-0.1"
| #define PACKAGE_BUGREPORT ""
| #define PACKAGE_URL ""
| #define STDC_HEADERS 1
| #define HAVE_SYS_TYPES_H 1
| #define HAVE_SYS_STAT_H 1
| #define HAVE_STDLIB_H 1
| #define HAVE_STRING_H 1
| #define HAVE_MEMORY_H 1
| #define HAVE_STRINGS_H 1
| #define HAVE_INTTYPES_H 1
| #define HAVE_STDINT_H 1
| #define HAVE_UNISTD_H 1
| /* end confdefs.h.  */
| #include <openssl/pem.h>
configure:3552: result: no
configure:3552: checking for openssl/pem.h
configure:3552: result: no
configure:3564: checking openssl/err.h usability
configure:3564: g++ -c -g -O2  conftest.cpp >&5
conftest.cpp:52:10: fatal error: 'openssl/err.h' file not found
#include <openssl/err.h>
         ^
1 error generated.
configure:3564: $? = 1
configure: failed program was:
| /* confdefs.h */
| #define PACKAGE_NAME "myconfig"
| #define PACKAGE_TARNAME "myconfig"
| #define PACKAGE_VERSION "version-0.1"
| #define PACKAGE_STRING "myconfig version-0.1"
| #define PACKAGE_BUGREPORT ""
| #define PACKAGE_URL ""
| #define STDC_HEADERS 1
| #define HAVE_SYS_TYPES_H 1
| #define HAVE_SYS_STAT_H 1
| #define HAVE_STDLIB_H 1
| #define HAVE_STRING_H 1
| #define HAVE_MEMORY_H 1
| #define HAVE_STRINGS_H 1
| #define HAVE_INTTYPES_H 1
| #define HAVE_STDINT_H 1
| #define HAVE_UNISTD_H 1
| /* end confdefs.h.  */
| #include <stdio.h>
| #ifdef HAVE_SYS_TYPES_H
| # include <sys/types.h>
| #endif
| #ifdef HAVE_SYS_STAT_H
| # include <sys/stat.h>
| #endif
| #ifdef STDC_HEADERS
| # include <stdlib.h>
| # include <stddef.h>
| #else
| # ifdef HAVE_STDLIB_H
| #  include <stdlib.h>
| # endif
| #endif
| #ifdef HAVE_STRING_H
| # if !defined STDC_HEADERS && defined HAVE_MEMORY_H
| #  include <memory.h>
| # endif
| # include <string.h>
| #endif
| #ifdef HAVE_STRINGS_H
| # include <strings.h>
| #endif
| #ifdef HAVE_INTTYPES_H
| # include <inttypes.h>
| #endif
| #ifdef HAVE_STDINT_H
| # include <stdint.h>
| #endif
| #ifdef HAVE_UNISTD_H
| # include <unistd.h>
| #endif
| #include <openssl/err.h>
configure:3564: result: no
configure:3564: checking openssl/err.h presence
configure:3564: g++ -E  conftest.cpp
conftest.cpp:19:10: fatal error: 'openssl/err.h' file not found
#include <openssl/err.h>
         ^
1 error generated.
configure:3564: $? = 1
configure: failed program was:
| /* confdefs.h */
| #define PACKAGE_NAME "myconfig"
| #define PACKAGE_TARNAME "myconfig"
| #define PACKAGE_VERSION "version-0.1"
| #define PACKAGE_STRING "myconfig version-0.1"
| #define PACKAGE_BUGREPORT ""
| #define PACKAGE_URL ""
| #define STDC_HEADERS 1
| #define HAVE_SYS_TYPES_H 1
| #define HAVE_SYS_STAT_H 1
| #define HAVE_STDLIB_H 1
| #define HAVE_STRING_H 1
| #define HAVE_MEMORY_H 1
| #define HAVE_STRINGS_H 1
| #define HAVE_INTTYPES_H 1
| #define HAVE_STDINT_H 1
| #define HAVE_UNISTD_H 1
| /* end confdefs.h.  */
| #include <openssl/err.h>
configure:3564: result: no
configure:3564: checking for openssl/err.h
configure:3564: result: no
configure:3576: checking openssl/x509.h usability
configure:3576: g++ -c -g -O2  conftest.cpp >&5
conftest.cpp:52:10: fatal error: 'openssl/x509.h' file not found
#include <openssl/x509.h>
         ^
1 error generated.
configure:3576: $? = 1
configure: failed program was:
| /* confdefs.h */
| #define PACKAGE_NAME "myconfig"
| #define PACKAGE_TARNAME "myconfig"
| #define PACKAGE_VERSION "version-0.1"
| #define PACKAGE_STRING "myconfig version-0.1"
| #define PACKAGE_BUGREPORT ""
| #define PACKAGE_URL ""
| #define STDC_HEADERS 1
| #define HAVE_SYS_TYPES_H 1
| #define HAVE_SYS_STAT_H 1
| #define HAVE_STDLIB_H 1
| #define HAVE_STRING_H 1
| #define HAVE_MEMORY_H 1
| #define HAVE_STRINGS_H 1
| #define HAVE_INTTYPES_H 1
| #define HAVE_STDINT_H 1
| #define HAVE_UNISTD_H 1
| /* end confdefs.h.  */
| #include <stdio.h>
| #ifdef HAVE_SYS_TYPES_H
| # include <sys/types.h>
| #endif
| #ifdef HAVE_SYS_STAT_H
| # include <sys/stat.h>
| #endif
| #ifdef STDC_HEADERS
| # include <stdlib.h>
| # include <stddef.h>
| #else
| # ifdef HAVE_STDLIB_H
| #  include <stdlib.h>
| # endif
| #endif
| #ifdef HAVE_STRING_H
| # if !defined STDC_HEADERS && defined HAVE_MEMORY_H
| #  include <memory.h>
| # endif
| # include <string.h>
| #endif
| #ifdef HAVE_STRINGS_H
| # include <strings.h>
| #endif
| #ifdef HAVE_INTTYPES_H
| # include <inttypes.h>
| #endif
| #ifdef HAVE_STDINT_H
| # include <stdint.h>
| #endif
| #ifdef HAVE_UNISTD_H
| # include <unistd.h>
| #endif
| #include <openssl/x509.h>
configure:3576: result: no
configure:3576: checking openssl/x509.h presence
configure:3576: g++ -E  conftest.cpp
conftest.cpp:19:10: fatal error: 'openssl/x509.h' file not found
#include <openssl/x509.h>
         ^
1 error generated.
configure:3576: $? = 1
configure: failed program was:
| /* confdefs.h */
| #define PACKAGE_NAME "myconfig"
| #define PACKAGE_TARNAME "myconfig"
| #define PACKAGE_VERSION "version-0.1"
| #define PACKAGE_STRING "myconfig version-0.1"
| #define PACKAGE_BUGREPORT ""
| #define PACKAGE_URL ""
| #define STDC_HEADERS 1
| #define HAVE_SYS_TYPES_H 1
| #define HAVE_SYS_STAT_H 1
| #define HAVE_STDLIB_H 1
| #define HAVE_STRING_H 1
| #define HAVE_MEMORY_H 1
| #define HAVE_STRINGS_H 1
| #define HAVE_INTTYPES_H 1
| #define HAVE_STDINT_H 1
| #define HAVE_UNISTD_H 1
| /* end confdefs.h.  */
| #include <openssl/x509.h>
configure:3576: result: no
configure:3576: checking for openssl/x509.h
configure:3576: result: no
configure:3588: checking openssl/x509v3.h usability
configure:3588: g++ -c -g -O2  conftest.cpp >&5
conftest.cpp:52:10: fatal error: 'openssl/x509v3.h' file not found
#include <openssl/x509v3.h>
         ^
1 error generated.
configure:3588: $? = 1
configure: failed program was:
| /* confdefs.h */
| #define PACKAGE_NAME "myconfig"
| #define PACKAGE_TARNAME "myconfig"
| #define PACKAGE_VERSION "version-0.1"
| #define PACKAGE_STRING "myconfig version-0.1"
| #define PACKAGE_BUGREPORT ""
| #define PACKAGE_URL ""
| #define STDC_HEADERS 1
| #define HAVE_SYS_TYPES_H 1
| #define HAVE_SYS_STAT_H 1
| #define HAVE_STDLIB_H 1
| #define HAVE_STRING_H 1
| #define HAVE_MEMORY_H 1
| #define HAVE_STRINGS_H 1
| #define HAVE_INTTYPES_H 1
| #define HAVE_STDINT_H 1
| #define HAVE_UNISTD_H 1
| /* end confdefs.h.  */
| #include <stdio.h>
| #ifdef HAVE_SYS_TYPES_H
| # include <sys/types.h>
| #endif
| #ifdef HAVE_SYS_STAT_H
| # include <sys/stat.h>
| #endif
| #ifdef STDC_HEADERS
| # include <stdlib.h>
| # include <stddef.h>
| #else
| # ifdef HAVE_STDLIB_H
| #  include <stdlib.h>
| # endif
| #endif
| #ifdef HAVE_STRING_H
| # if !defined STDC_HEADERS && defined HAVE_MEMORY_H
| #  include <memory.h>
| # endif
| # include <string.h>
| #endif
| #ifdef HAVE_STRINGS_H
| # include <strings.h>
| #endif
| #ifdef HAVE_INTTYPES_H
| # include <inttypes.h>
| #endif
| #ifdef HAVE_STDINT_H
| # include <stdint.h>
| #endif
| #ifdef HAVE_UNISTD_H
| # include <unistd.h>
| #endif
| #include <openssl/x509v3.h>
configure:3588: result: no
configure:3588: checking openssl/x509v3.h presence
configure:3588: g++ -E  conftest.cpp
conftest.cpp:19:10: fatal error: 'openssl/x509v3.h' file not found
#include <openssl/x509v3.h>
         ^
1 error generated.
configure:3588: $? = 1
configure: failed program was:
| /* confdefs.h */
| #define PACKAGE_NAME "myconfig"
| #define PACKAGE_TARNAME "myconfig"
| #define PACKAGE_VERSION "version-0.1"
| #define PACKAGE_STRING "myconfig version-0.1"
| #define PACKAGE_BUGREPORT ""
| #define PACKAGE_URL ""
| #define STDC_HEADERS 1
| #define HAVE_SYS_TYPES_H 1
| #define HAVE_SYS_STAT_H 1
| #define HAVE_STDLIB_H 1
| #define HAVE_STRING_H 1
| #define HAVE_MEMORY_H 1
| #define HAVE_STRINGS_H 1
| #define HAVE_INTTYPES_H 1
| #define HAVE_STDINT_H 1
| #define HAVE_UNISTD_H 1
| /* end confdefs.h.  */
| #include <openssl/x509v3.h>
configure:3588: result: no
configure:3588: checking for openssl/x509v3.h
configure:3588: result: no
configure:3601: checking event2/event_struct.h usability
configure:3601: g++ -c -g -O2  conftest.cpp >&5
conftest.cpp:52:10: fatal error: 'event2/event_struct.h' file not found
#include <event2/event_struct.h>
         ^
1 error generated.
configure:3601: $? = 1
configure: failed program was:
| /* confdefs.h */
| #define PACKAGE_NAME "myconfig"
| #define PACKAGE_TARNAME "myconfig"
| #define PACKAGE_VERSION "version-0.1"
| #define PACKAGE_STRING "myconfig version-0.1"
| #define PACKAGE_BUGREPORT ""
| #define PACKAGE_URL ""
| #define STDC_HEADERS 1
| #define HAVE_SYS_TYPES_H 1
| #define HAVE_SYS_STAT_H 1
| #define HAVE_STDLIB_H 1
| #define HAVE_STRING_H 1
| #define HAVE_MEMORY_H 1
| #define HAVE_STRINGS_H 1
| #define HAVE_INTTYPES_H 1
| #define HAVE_STDINT_H 1
| #define HAVE_UNISTD_H 1
| /* end confdefs.h.  */
| #include <stdio.h>
| #ifdef HAVE_SYS_TYPES_H
| # include <sys/types.h>
| #endif
| #ifdef HAVE_SYS_STAT_H
| # include <sys/stat.h>
| #endif
| #ifdef STDC_HEADERS
| # include <stdlib.h>
| # include <stddef.h>
| #else
| # ifdef HAVE_STDLIB_H
| #  include <stdlib.h>
| # endif
| #endif
| #ifdef HAVE_STRING_H
| # if !defined STDC_HEADERS && defined HAVE_MEMORY_H
| #  include <memory.h>
| # endif
| # include <string.h>
| #endif
| #ifdef HAVE_STRINGS_H
| # include <strings.h>
| #endif
| #ifdef HAVE_INTTYPES_H
| # include <inttypes.h>
| #endif
| #ifdef HAVE_STDINT_H
| # include <stdint.h>
| #endif
| #ifdef HAVE_UNISTD_H
| # include <unistd.h>
| #endif
| #include <event2/event_struct.h>
configure:3601: result: no
configure:3601: checking event2/event_struct.h presence
configure:3601: g++ -E  conftest.cpp
conftest.cpp:19:10: fatal error: 'event2/event_struct.h' file not found
#include <event2/event_struct.h>
         ^
1 error generated.
configure:3601: $? = 1
configure: failed program was:
| /* confdefs.h */
| #define PACKAGE_NAME "myconfig"
| #define PACKAGE_TARNAME "myconfig"
| #define PACKAGE_VERSION "version-0.1"
| #define PACKAGE_STRING "myconfig version-0.1"
| #define PACKAGE_BUGREPORT ""
| #define PACKAGE_URL ""
| #define STDC_HEADERS 1
| #define HAVE_SYS_TYPES_H 1
| #define HAVE_SYS_STAT_H 1
| #define HAVE_STDLIB_H 1
| #define HAVE_STRING_H 1
| #define HAVE_MEMORY_H 1
| #define HAVE_STRINGS_H 1
| #define HAVE_INTTYPES_H 1
| #define HAVE_STDINT_H 1
| #define HAVE_UNISTD_H 1
| /* end confdefs.h.  */
| #include <event2/event_struct.h>
configure:3601: result: no
configure:3601: checking for event2/event_struct.h
configure:3601: result: no
configure:3613: checking event2/event.h usability
configure:3613: g++ -c -g -O2  conftest.cpp >&5
conftest.cpp:52:10: fatal error: 'event2/event.h' file not found
#include <event2/event.h>
         ^
1 error generated.
configure:3613: $? = 1
configure: failed program was:
| /* confdefs.h */
| #define PACKAGE_NAME "myconfig"
| #define PACKAGE_TARNAME "myconfig"
| #define PACKAGE_VERSION "version-0.1"
| #define PACKAGE_STRING "myconfig version-0.1"
| #define PACKAGE_BUGREPORT ""
| #define PACKAGE_URL ""
| #define STDC_HEADERS 1
| #define HAVE_SYS_TYPES_H 1
| #define HAVE_SYS_STAT_H 1
| #define HAVE_STDLIB_H 1
| #define HAVE_STRING_H 1
| #define HAVE_MEMORY_H 1
| #define HAVE_STRINGS_H 1
| #define HAVE_INTTYPES_H 1
| #define HAVE_STDINT_H 1
| #define HAVE_UNISTD_H 1
| /* end confdefs.h.  */
| #include <stdio.h>
| #ifdef HAVE_SYS_TYPES_H
| # include <sys/types.h>
| #endif
| #ifdef HAVE_SYS_STAT_H
| # include <sys/stat.h>
| #endif
| #ifdef STDC_HEADERS
| # include <stdlib.h>
| # include <stddef.h>
| #else
| # ifdef HAVE_STDLIB_H
| #  include <stdlib.h>
| # endif
| #endif
| #ifdef HAVE_STRING_H
| # if !defined STDC_HEADERS && defined HAVE_MEMORY_H
| #  include <memory.h>
| # endif
| # include <string.h>
| #endif
| #ifdef HAVE_STRINGS_H
| # include <strings.h>
| #endif
| #ifdef HAVE_INTTYPES_H
| # include <inttypes.h>
| #endif
| #ifdef HAVE_STDINT_H
| # include <stdint.h>
| #endif
| #ifdef HAVE_UNISTD_H
| # include <unistd.h>
| #endif
| #include <event2/event.h>
configure:3613: result: no
configure:3613: checking event2/event.h presence
configure:3613: g++ -E  conftest.cpp
conftest.cpp:19:10: fatal error: 'event2/event.h' file not found
#include <event2/event.h>
         ^
1 error generated.
configure:3613: $? = 1
configure: failed program was:
| /* confdefs.h */
| #define PACKAGE_NAME "myconfig"
| #define PACKAGE_TARNAME "myconfig"
| #define PACKAGE_VERSION "version-0.1"
| #define PACKAGE_STRING "myconfig version-0.1"
| #define PACKAGE_BUGREPORT ""
| #define PACKAGE_URL ""
| #define STDC_HEADERS 1
| #define HAVE_SYS_TYPES_H 1
| #define HAVE_SYS_STAT_H 1
| #define HAVE_STDLIB_H 1
| #define HAVE_STRING_H 1
| #define HAVE_MEMORY_H 1
| #define HAVE_STRINGS_H 1
| #define HAVE_INTTYPES_H 1
| #define HAVE_STDINT_H 1
| #define HAVE_UNISTD_H 1
| /* end confdefs.h.  */
| #include <event2/event.h>
configure:3613: result: no
configure:3613: checking for event2/event.h
configure:3613: result: no
configure:3625: checking event2/event_compat.h usability
configure:3625: g++ -c -g -O2  conftest.cpp >&5
conftest.cpp:52:10: fatal error: 'event2/event_compat.h' file not found
#include <event2/event_compat.h>
         ^
1 error generated.
configure:3625: $? = 1
configure: failed program was:
| /* confdefs.h */
| #define PACKAGE_NAME "myconfig"
| #define PACKAGE_TARNAME "myconfig"
| #define PACKAGE_VERSION "version-0.1"
| #define PACKAGE_STRING "myconfig version-0.1"
| #define PACKAGE_BUGREPORT ""
| #define PACKAGE_URL ""
| #define STDC_HEADERS 1
| #define HAVE_SYS_TYPES_H 1
| #define HAVE_SYS_STAT_H 1
| #define HAVE_STDLIB_H 1
| #define HAVE_STRING_H 1
| #define HAVE_MEMORY_H 1
| #define HAVE_STRINGS_H 1
| #define HAVE_INTTYPES_H 1
| #define HAVE_STDINT_H 1
| #define HAVE_UNISTD_H 1
| /* end confdefs.h.  */
| #include <stdio.h>
| #ifdef HAVE_SYS_TYPES_H
| # include <sys/types.h>
| #endif
| #ifdef HAVE_SYS_STAT_H
| # include <sys/stat.h>
| #endif
| #ifdef STDC_HEADERS
| # include <stdlib.h>
| # include <stddef.h>
| #else
| # ifdef HAVE_STDLIB_H
| #  include <stdlib.h>
| # endif
| #endif
| #ifdef HAVE_STRING_H
| # if !defined STDC_HEADERS && defined HAVE_MEMORY_H
| #  include <memory.h>
| # endif
| # include <string.h>
| #endif
| #ifdef HAVE_STRINGS_H
| # include <strings.h>
| #endif
| #ifdef HAVE_INTTYPES_H
| # include <inttypes.h>
| #endif
| #ifdef HAVE_STDINT_H
| # include <stdint.h>
| #endif
| #ifdef HAVE_UNISTD_H
| # include <unistd.h>
| #endif
| #include <event2/event_compat.h>
configure:3625: result: no
configure:3625: checking event2/event_compat.h presence
configure:3625: g++ -E  conftest.cpp
conftest.cpp:19:10: fatal error: 'event2/event_compat.h' file not found
#include <event2/event_compat.h>
         ^
1 error generated.
configure:3625: $? = 1
configure: failed program was:
| /* confdefs.h */
| #define PACKAGE_NAME "myconfig"
| #define PACKAGE_TARNAME "myconfig"
| #define PACKAGE_VERSION "version-0.1"
| #define PACKAGE_STRING "myconfig version-0.1"
| #define PACKAGE_BUGREPORT ""
| #define PACKAGE_URL ""
| #define STDC_HEADERS 1
| #define HAVE_SYS_TYPES_H 1
| #define HAVE_SYS_STAT_H 1
| #define HAVE_STDLIB_H 1
| #define HAVE_STRING_H 1
| #define HAVE_MEMORY_H 1
| #define HAVE_STRINGS_H 1
| #define HAVE_INTTYPES_H 1
| #define HAVE_STDINT_H 1
| #define HAVE_UNISTD_H 1
| /* end confdefs.h.  */
| #include <event2/event_compat.h>
configure:3625: result: no
configure:3625: checking for event2/event_compat.h
configure:3625: result: no
configure:3637: checking event2/buffer.h usability
configure:3637: g++ -c -g -O2  conftest.cpp >&5
conftest.cpp:52:10: fatal error: 'event2/buffer.h' file not found
#include <event2/buffer.h>
         ^
1 error generated.
configure:3637: $? = 1
configure: failed program was:
| /* confdefs.h */
| #define PACKAGE_NAME "myconfig"
| #define PACKAGE_TARNAME "myconfig"
| #define PACKAGE_VERSION "version-0.1"
| #define PACKAGE_STRING "myconfig version-0.1"
| #define PACKAGE_BUGREPORT ""
| #define PACKAGE_URL ""
| #define STDC_HEADERS 1
| #define HAVE_SYS_TYPES_H 1
| #define HAVE_SYS_STAT_H 1
| #define HAVE_STDLIB_H 1
| #define HAVE_STRING_H 1
| #define HAVE_MEMORY_H 1
| #define HAVE_STRINGS_H 1
| #define HAVE_INTTYPES_H 1
| #define HAVE_STDINT_H 1
| #define HAVE_UNISTD_H 1
| /* end confdefs.h.  */
| #include <stdio.h>
| #ifdef HAVE_SYS_TYPES_H
| # include <sys/types.h>
| #endif
| #ifdef HAVE_SYS_STAT_H
| # include <sys/stat.h>
| #endif
| #ifdef STDC_HEADERS
| # include <stdlib.h>
| # include <stddef.h>
| #else
| # ifdef HAVE_STDLIB_H
| #  include <stdlib.h>
| # endif
| #endif
| #ifdef HAVE_STRING_H
| # if !defined STDC_HEADERS && defined HAVE_MEMORY_H
| #  include <memory.h>
| # endif
| # include <string.h>
| #endif
| #ifdef HAVE_STRINGS_H
| # include <strings.h>
| #endif
| #ifdef HAVE_INTTYPES_H
| # include <inttypes.h>
| #endif
| #ifdef HAVE_STDINT_H
| # include <stdint.h>
| #endif
| #ifdef HAVE_UNISTD_H
| # include <unistd.h>
| #endif
| #include <event2/buffer.h>
configure:3637: result: no
configure:3637: checking event2/buffer.h presence
configure:3637: g++ -E  conftest.cpp
conftest.cpp:19:10: fatal error: 'event2/buffer.h' file not found
#include <event2/buffer.h>
         ^
1 error generated.
configure:3637: $? = 1
configure: failed program was:
| /* confdefs.h */
| #define PACKAGE_NAME "myconfig"
| #define PACKAGE_TARNAME "myconfig"
| #define PACKAGE_VERSION "version-0.1"
| #define PACKAGE_STRING "myconfig version-0.1"
| #define PACKAGE_BUGREPORT ""
| #define PACKAGE_URL ""
| #define STDC_HEADERS 1
| #define HAVE_SYS_TYPES_H 1
| #define HAVE_SYS_STAT_H 1
| #define HAVE_STDLIB_H 1
| #define HAVE_STRING_H 1
| #define HAVE_MEMORY_H 1
| #define HAVE_STRINGS_H 1
| #define HAVE_INTTYPES_H 1
| #define HAVE_STDINT_H 1
| #define HAVE_UNISTD_H 1
| /* end confdefs.h.  */
| #include <event2/buffer.h>
configure:3637: result: no
configure:3637: checking for event2/buffer.h
configure:3637: result: no
configure:3648: checking for EVP_PKEY_get1_RSA in -lcrypto
configure:3673: g++ -o conftest -g -O2   conftest.cpp -lcrypto   >&5
configure:3673: $? = 0
configure:3682: result: yes
configure:3693: checking for event_new in -levent
configure:3718: g++ -o conftest -g -O2   conftest.cpp -levent  -lcrypto  >&5
ld: library not found for -levent
clang: error: linker command failed with exit code 1 (use -v to see invocation)
configure:3718: $? = 1
configure: failed program was:
| /* confdefs.h */
| #define PACKAGE_NAME "myconfig"
| #define PACKAGE_TARNAME "myconfig"
| #define PACKAGE_VERSION "version-0.1"
| #define PACKAGE_STRING "myconfig version-0.1"
| #define PACKAGE_BUGREPORT ""
| #define PACKAGE_URL ""
| #define STDC_HEADERS 1
| #define HAVE_SYS_TYPES_H 1
| #define HAVE_SYS_STAT_H 1
| #define HAVE_STDLIB_H 1
| #define HAVE_STRING_H 1
| #define HAVE_MEMORY_H 1
| #define HAVE_STRINGS_H 1
| #define HAVE_INTTYPES_H 1
| #define HAVE_STDINT_H 1
| #define HAVE_UNISTD_H 1
| #define HAVE_LIBCRYPTO 1
| /* end confdefs.h.  */
| 
| /* Override any GCC internal prototype to avoid an error.
|    Use char because int might match the return type of a GCC
|    builtin and then its argument prototype would still apply.  */
| #ifdef __cplusplus
| extern "C"
| #endif
| char event_new ();
| int
| main ()
| {
| return event_new ();
|   ;
|   return 0;
| }
configure:3727: result: no
configure:3985: creating ./config.status

## ---------------------- ##
## Running config.status. ##
## ---------------------- ##

This file was extended by myconfig config.status version-0.1, which was
generated by GNU Autoconf 2.69.  Invocation command line was

  CONFIG_FILES    = 
  CONFIG_HEADERS  = 
  CONFIG_LINKS    = 
  CONFIG_COMMANDS = 
  $ ./config.status 

on MacBook-Pro.local

config.status:806: creating Makefile
config.status:806: creating config.h
config.status:976: config.h is unchanged

## ---------------- ##
## Cache variables. ##
## ---------------- ##

ac_cv_c_compiler_gnu=yes
ac_cv_cxx_compiler_gnu=yes
ac_cv_env_CCC_set=
ac_cv_env_CCC_value=
ac_cv_env_CC_set=
ac_cv_env_CC_value=
ac_cv_env_CFLAGS_set=
ac_cv_env_CFLAGS_value=
ac_cv_env_CPPFLAGS_set=
ac_cv_env_CPPFLAGS_value=
ac_cv_env_CXXCPP_set=
ac_cv_env_CXXCPP_value=
ac_cv_env_CXXFLAGS_set=
ac_cv_env_CXXFLAGS_value=
ac_cv_env_CXX_set=
ac_cv_env_CXX_value=
ac_cv_env_LDFLAGS_set=
ac_cv_env_LDFLAGS_value=
ac_cv_env_LIBS_set=
ac_cv_env_LIBS_value=
ac_cv_env_build_alias_set=
ac_cv_env_build_alias_value=
ac_cv_env_host_alias_set=
ac_cv_env_host_alias_value=
ac_cv_env_target_alias_set=
ac_cv_env_target_alias_value=
ac_cv_header_event2_buffer_h=no
ac_cv_header_event2_event_compat_h=no
ac_cv_header_event2_event_h=no
ac_cv_header_event2_event_struct_h=no
ac_cv_header_inttypes_h=yes
ac_cv_header_memory_h=yes
ac_cv_header_openssl_err_h=no
ac_cv_header_openssl_pem_h=no
ac_cv_header_openssl_rsa_h=no
ac_cv_header_openssl_x509_h=no
ac_cv_header_openssl_x509v3_h=no
ac_cv_header_stdc=yes
ac_cv_header_stdint_h=yes
ac_cv_header_stdlib_h=yes
ac_cv_header_string_h=yes
ac_cv_header_strings_h=yes
ac_cv_header_sys_stat_h=yes
ac_cv_header_sys_types_h=yes
ac_cv_header_unistd_h=yes
ac_cv_lib_crypto_EVP_PKEY_get1_RSA=yes
ac_cv_lib_event_event_new=no
ac_cv_objext=o
ac_cv_path_EGREP='/usr/bin/grep -E'
ac_cv_path_GREP=/usr/bin/grep
ac_cv_prog_CXXCPP='g++ -E'
ac_cv_prog_ac_ct_CC=gcc
ac_cv_prog_ac_ct_CXX=g++
ac_cv_prog_cc_c89=
ac_cv_prog_cc_g=yes
ac_cv_prog_cxx_g=yes

## ----------------- ##
## Output variables. ##
## ----------------- ##

ARCH=''
CC='g++'
CFLAGS='-g -O2'
CPPFLAGS=''
CXX='g++'
CXXCPP='g++ -E'
CXXFLAGS='-g -O2'
DEBUG_FLAGS=''
DEFS='-DHAVE_CONFIG_H'
ECHO_C='\c'
ECHO_N=''
ECHO_T=''
EGREP='/usr/bin/grep -E'
EXCLUDE=''
EXEEXT=''
GREP='/usr/bin/grep'
LDFLAGS=''
LIBOBJS=''
LIBS='-lcrypto '
LTLIBOBJS=''
OBJEXT='o'
PACKAGE_BUGREPORT=''
PACKAGE_NAME='myconfig'
PACKAGE_STRING='myconfig version-0.1'
PACKAGE_TARNAME='myconfig'
PACKAGE_URL=''
PACKAGE_VERSION='version-0.1'
PATH_SEPARATOR=':'
SHELL='/bin/sh'
TOOLPATH=''
ac_ct_CC='gcc'
ac_ct_CXX='g++'
bindir='${exec_prefix}/bin'
build_alias=''
datadir='${datarootdir}'
datarootdir='${prefix}/share'
docdir='${datarootdir}/doc/${PACKAGE_TARNAME}'
dvidir='${docdir}'
exec_prefix='${prefix}'
host_alias=''
htmldir='${docdir}'
includedir='${prefix}/include'
infodir='${datarootdir}/info'
libdir='${exec_prefix}/lib'
libexecdir='${exec_prefix}/libexec'
localedir='${datarootdir}/locale'
localstatedir='${prefix}/var'
mandir='${datarootdir}/man'
oldincludedir='/usr/include'
pdfdir='${docdir}'
prefix='/usr/local'
program_transform_name='s,x,x,'
psdir='${docdir}'
sbindir='${exec_prefix}/sbin'
sharedstatedir='${prefix}/com'
sysconfdir='${prefix}/etc'
target_alias=''

## ----------- ##
## confdefs.h. ##
## ----------- ##

/* confdefs.h */
#define PACKAGE_NAME "myconfig"
#define PACKAGE_TARNAME "myconfig"
#define PACKAGE_VERSION "version-0.1"
#define PACKAGE_STRING "myconfig version-0.1"
#define PACKAGE_BUGREPORT ""
#define PACKAGE_URL ""
#define STDC_HEADERS 1
#define HAVE_SYS_TYPES_H 1
#define HAVE_SYS_STAT_H 1
#define HAVE_STDLIB_H 1
#define HAVE_STRING_H 1
#define HAVE_MEMORY_H 1
#define HAVE_STRINGS_H 1
#define HAVE_INTTYPES_H 1
#define HAVE_STDINT_H 1
#define HAVE_UNISTD_H 1
#define HAVE_LIBCRYPTO 1
#define WITH_LIBCURL 1

configure: exit 0
